<?xml version="1.0" encoding="UTF-8"?>
<testng-results ignored="0" total="1" passed="1" failed="0" skipped="0">
  <reporter-output>
  </reporter-output>
  <suite started-at="2022-04-12T23:11:54 ICT" name="Default suite" finished-at="2022-04-12T23:12:13 ICT" duration-ms="19408">
    <groups>
    </groups>
    <test started-at="2022-04-12T23:11:54 ICT" name="Default test" finished-at="2022-04-12T23:12:13 ICT" duration-ms="19408">
      <class name="testlogin.TestNG_Login">
        <test-method is-config="true" signature="suiteTest()[pri:0, instance:testlogin.TestNG_Login@1349883]" started-at="2022-04-12T23:11:54 ICT" name="suiteTest" finished-at="2022-04-12T23:11:57 ICT" duration-ms="3308" status="PASS">
          <reporter-output>
          </reporter-output>
        </test-method> <!-- suiteTest -->
        <test-method signature="LoginTest()[pri:0, instance:testlogin.TestNG_Login@1349883]" started-at="2022-04-12T23:11:57 ICT" name="LoginTest" finished-at="2022-04-12T23:12:13 ICT" duration-ms="15852" status="PASS">
          <reporter-output>
          </reporter-output>
        </test-method> <!-- LoginTest -->
        <test-method is-config="true" signature="suiteTearDown()[pri:0, instance:testlogin.TestNG_Login@1349883]" started-at="2022-04-12T23:12:13 ICT" name="suiteTearDown" finished-at="2022-04-12T23:12:13 ICT" duration-ms="211" status="PASS">
          <reporter-output>
          </reporter-output>
        </test-method> <!-- suiteTearDown -->
      </class> <!-- testlogin.TestNG_Login -->
    </test> <!-- Default test -->
  </suite> <!-- Default suite -->
</testng-results>
